Thu Sep 24 14:05:12 SGT 2015
/mnt/eql/yeo1/data/ADNI/ADOnly/fMRI_MRI_correspondance/scripts/013_S_5071_base
/apps/arch/Linux_x86_64//freesurfer/5.3.0/bin/recon-all
-base 013_S_5071_base -tp /share/users/imganalysis/yeolab/data/ADNI/ADOnly/preprocessed/crossSectional/013_S_5071_S212225_I415830_2014-02-11 -tp /share/users/imganalysis/yeolab/data/ADNI/ADOnly/preprocessed/crossSectional/013_S_5071_S182448_I362974_2013-02-12 -tp /share/users/imganalysis/yeolab/data/ADNI/ADOnly/preprocessed/crossSectional/013_S_5071_S190215_I374497_2013-05-20 -tp /share/users/imganalysis/yeolab/data/ADNI/ADOnly/preprocessed/crossSectional/013_S_5071_S212216_I415831_2014-02-11 -all
subjid 013_S_5071_base
setenv SUBJECTS_DIR /mnt/eql/yeo1/data/ADNI/ADOnly/fMRI_MRI_correspondance/scripts
FREESURFER_HOME /apps/arch/Linux_x86_64//freesurfer/5.3.0
Actual FREESURFER_HOME /data/apps/arch/Linux_x86_64/freesurfer/5.3.0
build-stamp.txt: freesurfer-Linux-centos6_x86_64-stable-pub-v5.3.0
Linux circuv 3.0.101-0.47.55-default #1 SMP Thu May 28 08:25:11 UTC 2015 (dc083ee) x86_64 x86_64 x86_64 GNU/Linux
cputime      unlimited
filesize     unlimited
datasize     unlimited
stacksize    8192 kbytes
coredumpsize 1 kbytes
memoryuse    1307512668 kbytes
vmemoryuse   1236882560 kbytes
descriptors  1024 
memorylocked 64 kbytes
maxproc      12017477 
maxlocks     unlimited
maxsignal    12017477 
maxmessage   819200 
maxnice      0 
maxrtprio    0 
maxrttime    unlimited

             total       used       free     shared    buffers     cached
Mem:    1538250196  956555140  581695056      99568    2093608   41111724
-/+ buffers/cache:  913349808  624900388
Swap:      7852988          0    7852988

########################################
program versions used
$Id: recon-all,v 1.379.2.73 2013/05/12 23:15:37 nicks Exp $
$Id: mri_motion_correct.fsl,v 1.14 2011/03/02 20:16:39 nicks Exp $
mri_convert -all-info 
ProgramName: mri_convert  ProgramArguments: -all-info  ProgramVersion: $Name: stable5 $  TimeStamp: 2015/09/24-06:05:12-GMT  BuildTimeStamp: May 13 2013 16:24:28  CVS: $Id: mri_convert.c,v 1.179.2.7 2012/09/05 21:55:16 mreuter Exp $  User: rens  Machine: circuv  Platform: Linux  PlatformVersion: 3.0.101-0.47.55-default  CompilerName: GCC  CompilerVersion: 40400 
FLIRT version 5.5
$Id: talairach_avi,v 1.9 2011/03/02 18:38:06 nicks Exp $
mri_convert --version 
stable5
ProgramName: tkregister2_cmdl  ProgramArguments: --all-info  ProgramVersion: $Name: stable5 $  TimeStamp: 2015/09/24-06:05:13-GMT  BuildTimeStamp: May 13 2013 16:24:28  CVS: $Id: tkregister2.c,v 1.121.2.1 2011/03/28 20:25:16 greve Exp $  User: rens  Machine: circuv  Platform: Linux  PlatformVersion: 3.0.101-0.47.55-default  CompilerName: GCC  CompilerVersion: 40400 
Program nu_correct, built from:
Package MNI N3, version 1.10, compiled by nicks@minerva (x86_64-unknown-linux-gnu) on 2010-02-20 at 17:32:37
ProgramName: mri_make_uchar  ProgramArguments: -all-info  ProgramVersion: $Name: stable5 $  TimeStamp: 2015/09/24-06:05:13-GMT  BuildTimeStamp: May 13 2013 16:24:28  CVS: $Id: mri_make_uchar.c,v 1.4 2011/03/02 00:04:14 nicks Exp $  User: rens  Machine: circuv  Platform: Linux  PlatformVersion: 3.0.101-0.47.55-default  CompilerName: GCC  CompilerVersion: 40400 
ProgramName: mri_normalize  ProgramArguments: -all-info  ProgramVersion: $Name: stable5 $  TimeStamp: 2015/09/24-06:05:13-GMT  BuildTimeStamp: May 13 2013 16:24:28  CVS: $Id: mri_normalize.c,v 1.73.2.1 2012/10/17 19:11:32 nicks Exp $  User: rens  Machine: circuv  Platform: Linux  PlatformVersion: 3.0.101-0.47.55-default  CompilerName: GCC  CompilerVersion: 40400 
ProgramName: mri_watershed  ProgramArguments: -all-info  ProgramVersion: $Name: stable5 $  TimeStamp: 2015/09/24-06:05:13-GMT  BuildTimeStamp: May 13 2013 16:24:28  CVS: $Id: mri_watershed.cpp,v 1.96.2.1 2011/11/08 22:18:44 nicks Exp $  User: rens  Machine: circuv  Platform: Linux  PlatformVersion: 3.0.101-0.47.55-default  CompilerName: GCC  CompilerVersion: 40400 
ProgramName: mri_gcut  ProgramArguments: -all-info  ProgramVersion: $Name: stable5 $  TimeStamp: 2015/09/24-06:05:13-GMT  BuildTimeStamp: May 13 2013 16:24:28  CVS: $Id: mri_gcut.cpp,v 1.14 2011/03/02 00:04:16 nicks Exp $  User: rens  Machine: circuv  Platform: Linux  PlatformVersion: 3.0.101-0.47.55-default  CompilerName: GCC  CompilerVersion: 40400 
ProgramName: mri_segment  ProgramArguments: -all-info  ProgramVersion: $Name: stable5 $  TimeStamp: 2015/09/24-06:05:13-GMT  BuildTimeStamp: May 13 2013 16:24:28  CVS: $Id: mri_segment.c,v 1.40 2011/03/02 00:04:24 nicks Exp $  User: rens  Machine: circuv  Platform: Linux  PlatformVersion: 3.0.101-0.47.55-default  CompilerName: GCC  CompilerVersion: 40400 
ProgramName: mri_label2label  ProgramArguments: -all-info  ProgramVersion: $Name: stable5 $  TimeStamp: 2015/09/24-06:05:13-GMT  BuildTimeStamp: May 13 2013 16:24:28  CVS: $Id: mri_label2label.c,v 1.40.2.2 2013/04/02 16:26:15 greve Exp $  User: rens  Machine: circuv  Platform: Linux  PlatformVersion: 3.0.101-0.47.55-default  CompilerName: GCC  CompilerVersion: 40400 


 ======= NUMBER OF OPENMP THREADS = 1 ======= 
ProgramName: mri_em_register  ProgramArguments: -all-info  ProgramVersion: $Name: stable5 $  TimeStamp: 2015/09/24-06:05:14-GMT  BuildTimeStamp: May 13 2013 16:24:28  CVS: $Id: mri_em_register.c,v 1.84.2.3 2013/02/09 00:49:26 nicks Exp $  User: rens  Machine: circuv  Platform: Linux  PlatformVersion: 3.0.101-0.47.55-default  CompilerName: GCC  CompilerVersion: 40400 
ProgramName: mri_ca_normalize  ProgramArguments: -all-info  ProgramVersion: $Name: stable5 $  TimeStamp: 2015/09/24-06:05:14-GMT  BuildTimeStamp: May 13 2013 16:24:28  CVS: $Id: mri_ca_normalize.c,v 1.52.2.2 2012/10/17 19:11:32 nicks Exp $  User: rens  Machine: circuv  Platform: Linux  PlatformVersion: 3.0.101-0.47.55-default  CompilerName: GCC  CompilerVersion: 40400 
ProgramName: mri_ca_register  ProgramArguments: -all-info  ProgramVersion: $Name: stable5 $  TimeStamp: 2015/09/24-06:05:14-GMT  BuildTimeStamp: May 13 2013 16:24:28  CVS: $Id: mri_ca_register.c,v 1.78.2.3 2013/02/09 00:42:20 nicks Exp $  User: rens  Machine: circuv  Platform: Linux  PlatformVersion: 3.0.101-0.47.55-default  CompilerName: GCC  CompilerVersion: 40400 
ProgramName: mri_ca_label  ProgramArguments: -all-info  ProgramVersion: $Name: stable5 $  TimeStamp: 2015/09/24-06:05:14-GMT  BuildTimeStamp: May 13 2013 16:24:28  CVS: $Id: mri_ca_label.c,v 1.96.2.1 2012/08/28 22:11:20 nicks Exp $  User: rens  Machine: circuv  Platform: Linux  PlatformVersion: 3.0.101-0.47.55-default  CompilerName: GCC  CompilerVersion: 40400 
ProgramName: mri_pretess  ProgramArguments: -all-info  ProgramVersion: $Name: stable5 $  TimeStamp: 2015/09/24-06:05:14-GMT  BuildTimeStamp: May 13 2013 16:24:28  CVS: $Id: mri_pretess.c,v 1.20 2011/03/02 00:04:23 nicks Exp $  User: rens  Machine: circuv  Platform: Linux  PlatformVersion: 3.0.101-0.47.55-default  CompilerName: GCC  CompilerVersion: 40400 
ProgramName: mri_fill  ProgramArguments: -all-info  ProgramVersion: $Name: stable5 $  TimeStamp: 2015/09/24-06:05:14-GMT  BuildTimeStamp: May 13 2013 16:24:28  CVS: $Id: mri_fill.c,v 1.118 2011/03/16 21:23:49 nicks Exp $  User: rens  Machine: circuv  Platform: Linux  PlatformVersion: 3.0.101-0.47.55-default  CompilerName: GCC  CompilerVersion: 40400 
ProgramName: mri_tessellate  ProgramArguments: -all-info  ProgramVersion: $Name: stable5 $  TimeStamp: 2015/09/24-06:05:14-GMT  BuildTimeStamp: May 13 2013 16:24:28  CVS: $Id: mri_tessellate.c,v 1.36 2011/03/02 00:04:25 nicks Exp $  User: rens  Machine: circuv  Platform: Linux  PlatformVersion: 3.0.101-0.47.55-default  CompilerName: GCC  CompilerVersion: 40400 
ProgramName: mri_concatenate_lta  ProgramArguments: -all-info  ProgramVersion: $Name: stable5 $  TimeStamp: 2015/09/24-06:05:14-GMT  BuildTimeStamp: May 13 2013 16:24:28  CVS: $Id: mri_concatenate_lta.c,v 1.10 2011/03/16 21:23:48 nicks Exp $  User: rens  Machine: circuv  Platform: Linux  PlatformVersion: 3.0.101-0.47.55-default  CompilerName: GCC  CompilerVersion: 40400 
ProgramName: mri_normalize_tp2  ProgramArguments: -all-info  ProgramVersion: $Name: stable5 $  TimeStamp: 2015/09/24-06:05:15-GMT  BuildTimeStamp: May 13 2013 16:24:28  CVS: $Id: mri_normalize_tp2.c,v 1.8 2011/03/02 00:04:23 nicks Exp $  User: rens  Machine: circuv  Platform: Linux  PlatformVersion: 3.0.101-0.47.55-default  CompilerName: GCC  CompilerVersion: 40400 
ProgramName: mris_smooth  ProgramArguments: -all-info  ProgramVersion: $Name: stable5 $  TimeStamp: 2015/09/24-06:05:15-GMT  BuildTimeStamp: May 13 2013 16:24:28  CVS: $Id: mris_smooth.c,v 1.28 2011/03/02 00:04:34 nicks Exp $  User: rens  Machine: circuv  Platform: Linux  PlatformVersion: 3.0.101-0.47.55-default  CompilerName: GCC  CompilerVersion: 40400 
ProgramName: mris_inflate  ProgramArguments: -all-info  ProgramVersion: $Name: stable5 $  TimeStamp: 2015/09/24-06:05:15-GMT  BuildTimeStamp: May 13 2013 16:24:28  CVS: $Id: mris_inflate.c,v 1.43 2011/03/02 00:04:32 nicks Exp $  User: rens  Machine: circuv  Platform: Linux  PlatformVersion: 3.0.101-0.47.55-default  CompilerName: GCC  CompilerVersion: 40400 
ProgramName: mris_curvature  ProgramArguments: -all-info  ProgramVersion: $Name: stable5 $  TimeStamp: 2015/09/24-06:05:15-GMT  BuildTimeStamp: May 13 2013 16:24:28  CVS: $Id: mris_curvature.c,v 1.31 2011/03/02 00:04:30 nicks Exp $  User: rens  Machine: circuv  Platform: Linux  PlatformVersion: 3.0.101-0.47.55-default  CompilerName: GCC  CompilerVersion: 40400 
ProgramName: mris_sphere  ProgramArguments: -all-info  ProgramVersion: $Name: stable5 $  TimeStamp: 2015/09/24-06:05:15-GMT  BuildTimeStamp: May 13 2013 16:24:28  CVS: $Id: mris_sphere.c,v 1.57 2011/03/02 00:04:34 nicks Exp $  User: rens  Machine: circuv  Platform: Linux  PlatformVersion: 3.0.101-0.47.55-default  CompilerName: GCC  CompilerVersion: 40400 
ProgramName: mris_fix_topology  ProgramArguments: -all-info  ProgramVersion: $Name: stable5 $  TimeStamp: 2015/09/24-06:05:15-GMT  BuildTimeStamp: May 13 2013 16:24:28  CVS: $Id: mris_fix_topology.c,v 1.48 2011/03/02 00:04:32 nicks Exp $  User: rens  Machine: circuv  Platform: Linux  PlatformVersion: 3.0.101-0.47.55-default  CompilerName: GCC  CompilerVersion: 40400 
ProgramName: mris_topo_fixer  ProgramArguments: -all-info  ProgramVersion: $Name: stable5 $  TimeStamp: 2015/09/24-06:05:15-GMT  BuildTimeStamp: May 13 2013 16:24:28  CVS: $Id: mris_topo_fixer.cpp,v 1.29 2011/03/02 00:04:34 nicks Exp $  User: rens  Machine: circuv  Platform: Linux  PlatformVersion: 3.0.101-0.47.55-default  CompilerName: GCC  CompilerVersion: 40400 
ProgramName: mris_ca_label  ProgramArguments: -all-info  ProgramVersion: $Name: stable5 $  TimeStamp: 2015/09/24-06:05:16-GMT  BuildTimeStamp: May 13 2013 16:24:28  CVS: $Id: mris_ca_label.c,v 1.35 2011/03/02 00:04:27 nicks Exp $  User: rens  Machine: circuv  Platform: Linux  PlatformVersion: 3.0.101-0.47.55-default  CompilerName: GCC  CompilerVersion: 40400 
ProgramName: mris_euler_number  ProgramArguments: -all-info  ProgramVersion: $Name: stable5 $  TimeStamp: 2015/09/24-06:05:16-GMT  BuildTimeStamp: May 13 2013 16:24:28  CVS: $Id: mris_euler_number.c,v 1.8.2.2 2013/01/14 22:40:07 greve Exp $  User: rens  Machine: circuv  Platform: Linux  PlatformVersion: 3.0.101-0.47.55-default  CompilerName: GCC  CompilerVersion: 40400 
ProgramName: mris_make_surfaces  ProgramArguments: -all-info  ProgramVersion: $Name: stable5 $  TimeStamp: 2015/09/24-06:05:16-GMT  BuildTimeStamp: May 13 2013 16:24:28  CVS: $Id: mris_make_surfaces.c,v 1.127.2.6 2013/05/12 22:28:01 nicks Exp $  User: rens  Machine: circuv  Platform: Linux  PlatformVersion: 3.0.101-0.47.55-default  CompilerName: GCC  CompilerVersion: 40400 
ProgramName: mris_register  ProgramArguments: -all-info  ProgramVersion: $Name: stable5 $  TimeStamp: 2015/09/24-06:05:16-GMT  BuildTimeStamp: May 13 2013 16:24:28  CVS: $Id: mris_register.c,v 1.59 2011/03/02 00:04:33 nicks Exp $  User: rens  Machine: circuv  Platform: Linux  PlatformVersion: 3.0.101-0.47.55-default  CompilerName: GCC  CompilerVersion: 40400 
ProgramName: mris_volmask  ProgramArguments: --all-info  ProgramVersion: $Name: stable5 $  TimeStamp: 2015/09/24-06:05:16-GMT  BuildTimeStamp: May 13 2013 16:24:28  CVS: $Id: mris_volmask.cpp,v 1.25 2011/03/02 00:04:34 nicks Exp $  User: rens  Machine: circuv  Platform: Linux  PlatformVersion: 3.0.101-0.47.55-default  CompilerName: GCC  CompilerVersion: 40400 
ProgramName: mris_anatomical_stats  ProgramArguments: -all-info  ProgramVersion: $Name: stable5 $  TimeStamp: 2015/09/24-06:05:16-GMT  BuildTimeStamp: May 13 2013 16:24:28  CVS: $Id: mris_anatomical_stats.c,v 1.72 2011/03/02 00:04:26 nicks Exp $  User: rens  Machine: circuv  Platform: Linux  PlatformVersion: 3.0.101-0.47.55-default  CompilerName: GCC  CompilerVersion: 40400 
ProgramName: mrisp_paint  ProgramArguments: -all-info  ProgramVersion: $Name: stable5 $  TimeStamp: 2015/09/24-06:05:16-GMT  BuildTimeStamp: May 13 2013 16:24:28  CVS: $Id: mrisp_paint.c,v 1.11 2011/03/02 00:04:35 nicks Exp $  User: rens  Machine: circuv  Platform: Linux  PlatformVersion: 3.0.101-0.47.55-default  CompilerName: GCC  CompilerVersion: 40400 
ProgramName: mris_curvature_stats  ProgramArguments: -all-info  ProgramVersion: $Name: stable5 $  TimeStamp: 2015/09/24-06:05:16-GMT  BuildTimeStamp: May 13 2013 16:24:28  CVS: $Id: mris_curvature_stats.c,v 1.64 2011/03/02 00:04:30 nicks Exp $  User: rens  Machine: circuv  Platform: Linux  PlatformVersion: 3.0.101-0.47.55-default  CompilerName: GCC  CompilerVersion: 40400 
ProgramName: mris_calc  ProgramArguments: -all-info  ProgramVersion: $Name: stable5 $  TimeStamp: 2015/09/24-06:05:17-GMT  BuildTimeStamp: May 13 2013 16:24:28  CVS: $Id: mris_calc.c,v 1.37.2.8 2013/01/28 17:05:17 greve Exp $  User: rens  Machine: circuv  Platform: Linux  PlatformVersion: 3.0.101-0.47.55-default  CompilerName: GCC  CompilerVersion: 40400 
$Id: mri_robust_register.cpp,v 1.52.2.3 2012/11/20 17:26:47 mreuter Exp $

ProgramName: mri_robust_register  ProgramArguments: -all-info  ProgramVersion: $Name: stable5 $  TimeStamp: 2015/09/24-06:05:17-GMT  BuildTimeStamp: May 13 2013 16:24:28  CVS: $Id: mri_robust_register.cpp,v 1.52.2.3 2012/11/20 17:26:47 mreuter Exp $  User: rens  Machine: circuv  Platform: Linux  PlatformVersion: 3.0.101-0.47.55-default  CompilerName: GCC  CompilerVersion: 40400 
$Id: mri_robust_template.cpp,v 1.37.2.2 2012/10/10 19:59:06 mreuter Exp $

ProgramName: mri_robust_template  ProgramArguments: -all-info  ProgramVersion: $Name: stable5 $  TimeStamp: 2015/09/24-06:05:17-GMT  BuildTimeStamp: May 13 2013 16:24:28  CVS: $Id: mri_robust_template.cpp,v 1.37.2.2 2012/10/10 19:59:06 mreuter Exp $  User: rens  Machine: circuv  Platform: Linux  PlatformVersion: 3.0.101-0.47.55-default  CompilerName: GCC  CompilerVersion: 40400 
ProgramName: mri_and  ProgramArguments: -all-info  ProgramVersion: $Name: stable5 $  TimeStamp: 2015/09/24-06:05:17-GMT  BuildTimeStamp: May 13 2013 16:24:28  CVS: $Id: mri_and.c,v 1.4 2011/03/02 00:04:13 nicks Exp $  User: rens  Machine: circuv  Platform: Linux  PlatformVersion: 3.0.101-0.47.55-default  CompilerName: GCC  CompilerVersion: 40400 
ProgramName: mri_or  ProgramArguments: -all-info  ProgramVersion: $Name: stable5 $  TimeStamp: 2015/09/24-06:05:17-GMT  BuildTimeStamp: May 13 2013 16:24:28  CVS: $Id: mri_or.c,v 1.3 2011/03/02 00:04:13 nicks Exp $  User: rens  Machine: circuv  Platform: Linux  PlatformVersion: 3.0.101-0.47.55-default  CompilerName: GCC  CompilerVersion: 40400 
ProgramName: mri_fuse_segmentations  ProgramArguments: -all-info  ProgramVersion: $Name: stable5 $  TimeStamp: 2015/09/24-06:05:17-GMT  BuildTimeStamp: May 13 2013 16:24:28  CVS: $Id: mri_fuse_segmentations.c,v 1.8 2011/03/02 00:04:15 nicks Exp $  User: rens  Machine: circuv  Platform: Linux  PlatformVersion: 3.0.101-0.47.55-default  CompilerName: GCC  CompilerVersion: 40400 
ProgramName: mri_segstats  ProgramArguments: -all-info  ProgramVersion: $Name: stable5 $  TimeStamp: 2015/09/24-06:05:17-GMT  BuildTimeStamp: May 13 2013 16:24:28  CVS: $Id: mri_segstats.c,v 1.75.2.9 2013/02/16 00:09:33 greve Exp $  User: rens  Machine: circuv  Platform: Linux  PlatformVersion: 3.0.101-0.47.55-default  CompilerName: GCC  CompilerVersion: 40400 
#######################################
GCADIR /apps/arch/Linux_x86_64//freesurfer/5.3.0/average
GCA RB_all_2008-03-26.gca
GCASkull RB_all_withskull_2008-03-26.gca
AvgCurvTif average.curvature.filled.buckner40.tif
GCSDIR /apps/arch/Linux_x86_64//freesurfer/5.3.0/average
GCS curvature.buckner40.filled.desikan_killiany.2010-03-25.gcs
#######################################
#--------------------------------------------
#@# Longitudinal Base Subject Creation Thu Sep 24 14:05:17 SGT 2015
/mnt/eql/yeo1/data/ADNI/ADOnly/fMRI_MRI_correspondance/scripts/013_S_5071_base

 mri_diff --notallow-pix /mnt/eql/yeo1/data/ADNI/ADOnly/fMRI_MRI_correspondance/scripts/013_S_5071_S182448_I362974_2013-02-12/mri/rawavg.mgz /mnt/eql/yeo1/data/ADNI/ADOnly/fMRI_MRI_correspondance/scripts/013_S_5071_S212225_I415830_2014-02-11/mri/rawavg.mgz 

mghRead(/mnt/eql/yeo1/data/ADNI/ADOnly/fMRI_MRI_correspondance/scripts/013_S_5071_S182448_I362974_2013-02-12/mri/rawavg.mgz, -1): could not open file

 mri_diff --notallow-pix /mnt/eql/yeo1/data/ADNI/ADOnly/fMRI_MRI_correspondance/scripts/013_S_5071_S190215_I374497_2013-05-20/mri/rawavg.mgz /mnt/eql/yeo1/data/ADNI/ADOnly/fMRI_MRI_correspondance/scripts/013_S_5071_S212225_I415830_2014-02-11/mri/rawavg.mgz 

mghRead(/mnt/eql/yeo1/data/ADNI/ADOnly/fMRI_MRI_correspondance/scripts/013_S_5071_S190215_I374497_2013-05-20/mri/rawavg.mgz, -1): could not open file

 mri_diff --notallow-pix /mnt/eql/yeo1/data/ADNI/ADOnly/fMRI_MRI_correspondance/scripts/013_S_5071_S212216_I415831_2014-02-11/mri/rawavg.mgz /mnt/eql/yeo1/data/ADNI/ADOnly/fMRI_MRI_correspondance/scripts/013_S_5071_S212225_I415830_2014-02-11/mri/rawavg.mgz 

mghRead(/mnt/eql/yeo1/data/ADNI/ADOnly/fMRI_MRI_correspondance/scripts/013_S_5071_S212216_I415831_2014-02-11/mri/rawavg.mgz, -1): could not open file

*******************************************************************************
WARNING: Image geometries differ across time, maybe due to aquisition changes?
         This can potentially bias a longitudinal study! Will continue in 10s.
*******************************************************************************


 mri_robust_template --mov /mnt/eql/yeo1/data/ADNI/ADOnly/fMRI_MRI_correspondance/scripts/013_S_5071_S212225_I415830_2014-02-11/mri/norm.mgz /mnt/eql/yeo1/data/ADNI/ADOnly/fMRI_MRI_correspondance/scripts/013_S_5071_S182448_I362974_2013-02-12/mri/norm.mgz /mnt/eql/yeo1/data/ADNI/ADOnly/fMRI_MRI_correspondance/scripts/013_S_5071_S190215_I374497_2013-05-20/mri/norm.mgz /mnt/eql/yeo1/data/ADNI/ADOnly/fMRI_MRI_correspondance/scripts/013_S_5071_S212216_I415831_2014-02-11/mri/norm.mgz --lta /mnt/eql/yeo1/data/ADNI/ADOnly/fMRI_MRI_correspondance/scripts/013_S_5071_base/mri/transforms/013_S_5071_S212225_I415830_2014-02-11_to_013_S_5071_base.lta /mnt/eql/yeo1/data/ADNI/ADOnly/fMRI_MRI_correspondance/scripts/013_S_5071_base/mri/transforms/013_S_5071_S182448_I362974_2013-02-12_to_013_S_5071_base.lta /mnt/eql/yeo1/data/ADNI/ADOnly/fMRI_MRI_correspondance/scripts/013_S_5071_base/mri/transforms/013_S_5071_S190215_I374497_2013-05-20_to_013_S_5071_base.lta /mnt/eql/yeo1/data/ADNI/ADOnly/fMRI_MRI_correspondance/scripts/013_S_5071_base/mri/transforms/013_S_5071_S212216_I415831_2014-02-11_to_013_S_5071_base.lta --template /mnt/eql/yeo1/data/ADNI/ADOnly/fMRI_MRI_correspondance/scripts/013_S_5071_base/mri/norm_template.mgz --average 1 --sat 4.685 

$Id: mri_robust_template.cpp,v 1.37.2.2 2012/10/10 19:59:06 mreuter Exp $

--mov: Using /mnt/eql/yeo1/data/ADNI/ADOnly/fMRI_MRI_correspondance/scripts/013_S_5071_S212225_I415830_2014-02-11/mri/norm.mgz as movable/source volume.
--mov: Using /mnt/eql/yeo1/data/ADNI/ADOnly/fMRI_MRI_correspondance/scripts/013_S_5071_S182448_I362974_2013-02-12/mri/norm.mgz as movable/source volume.
--mov: Using /mnt/eql/yeo1/data/ADNI/ADOnly/fMRI_MRI_correspondance/scripts/013_S_5071_S190215_I374497_2013-05-20/mri/norm.mgz as movable/source volume.
--mov: Using /mnt/eql/yeo1/data/ADNI/ADOnly/fMRI_MRI_correspondance/scripts/013_S_5071_S212216_I415831_2014-02-11/mri/norm.mgz as movable/source volume.
    Total: 4 input volumes
--lta: Will output LTA transforms
--template: Using /mnt/eql/yeo1/data/ADNI/ADOnly/fMRI_MRI_correspondance/scripts/013_S_5071_base/mri/norm_template.mgz as template output volume.
--average: Using method 1 for template computation.
--sat: Using saturation 4.685 in M-estimator!
reading source '/mnt/eql/yeo1/data/ADNI/ADOnly/fMRI_MRI_correspondance/scripts/013_S_5071_S212225_I415830_2014-02-11/mri/norm.mgz'...
mghRead(/mnt/eql/yeo1/data/ADNI/ADOnly/fMRI_MRI_correspondance/scripts/013_S_5071_S212225_I415830_2014-02-11/mri/norm.mgz, -1): could not open file
MultiRegistration::loadMovables: could not open input volume /mnt/eql/yeo1/data/ADNI/ADOnly/fMRI_MRI_correspondance/scripts/013_S_5071_S212225_I415830_2014-02-11/mri/norm.mgz.

Linux circuv 3.0.101-0.47.55-default #1 SMP Thu May 28 08:25:11 UTC 2015 (dc083ee) x86_64 x86_64 x86_64 GNU/Linux

recon-all -s 013_S_5071_base exited with ERRORS at Thu Sep 24 14:05:28 SGT 2015

To report a problem, see http://surfer.nmr.mgh.harvard.edu/fswiki/BugReporting
